A51 MACRO ASSEMBLER  STACK                                                                12/16/2021 19:11:31 PAGE     1


MACRO ASSEMBLER A51 V8.02c
OBJECT MODULE PLACED IN .\Objects\stack.obj
ASSEMBLER INVOKED BY: C:\Keil_v5\C51\BIN\A51.EXE stack.asm SET(SMALL) DEBUG PRINT(.\Listings\stack.lst) OBJECT(.\Objects
                      \stack.obj) EP

LOC  OBJ            LINE     SOURCE

                       1     ;To show the stack and stack pointer 
                       2     ;Assuming default stack area
                       3     
0000 7E25              4     MOV R6,#25H
0002 7912              5     MOV R1,#12H
0004 7CF3              6     MOV R4,#0F3H
0006 C006              7     PUSH 6
0008 C001              8     PUSH 1
000A C004              9     PUSH 4
*** WARNING #A41 IN 9 (stack.asm, LINE 9): MISSING 'END' STATEMENT
A51 MACRO ASSEMBLER  STACK                                                                12/16/2021 19:11:31 PAGE     2

SYMBOL TABLE LISTING
------ ----- -------


N A M E             T Y P E  V A L U E   ATTRIBUTES



REGISTER BANK(S) USED: 0 


ASSEMBLY COMPLETE.  1 WARNING(S), 0 ERROR(S)
